<?xml version="1.0" encoding="UTF-8" standalone="no"?>
<testsuite failures="0" name="cucumber.runtime.formatter.JUnitFormatter" skipped="0" tests="1" time="65.416147">
<testcase classname="Free OrangeHRM Login Feature" name="Free OrangeHRM Login Test Scenario" time="65.416147">
<system-out><![CDATA[Given user is already on Login Page.........................................passed
When title of login page is Orange HRM......................................passed
Then user enters "Admin" and "admin123".....................................passed
Then user clicks on login button............................................passed
Then user is on home page...................................................passed
Then Close the browser......................................................passed
]]></system-out>
</testcase>
</testsuite>
