<?xml version="1.0" encoding="UTF-8"?>
<testng-results skipped="0" failed="0" total="1" passed="1">
  <reporter-output>
  </reporter-output>
  <suite name="Suite" duration-ms="88088" started-at="2021-05-23T07:48:39Z" finished-at="2021-05-23T07:50:07Z">
    <groups>
      <group name="cucumber">
        <method signature="TestNGRunner.feature(cucumber.api.testng.CucumberFeatureWrapper)[pri:0, instance:testRunner.TestNGRunner@e63ade]" name="feature" class="testRunner.TestNGRunner"/>
      </group> <!-- cucumber -->
    </groups>
    <test name="Test" duration-ms="88088" started-at="2021-05-23T07:48:39Z" finished-at="2021-05-23T07:50:07Z">
      <class name="testRunner.TestNGRunner">
        <test-method status="PASS" signature="setUpClass()[pri:0, instance:testRunner.TestNGRunner@e63ade]" name="setUpClass" is-config="true" duration-ms="584" started-at="2021-05-23T13:18:39Z" finished-at="2021-05-23T13:18:40Z">
          <reporter-output>
          </reporter-output>
        </test-method> <!-- setUpClass -->
        <test-method status="PASS" signature="feature(cucumber.api.testng.CucumberFeatureWrapper)[pri:0, instance:testRunner.TestNGRunner@e63ade]" name="feature" duration-ms="87147" started-at="2021-05-23T13:18:40Z" description="Runs Cucumber Feature" data-provider="features" finished-at="2021-05-23T13:20:07Z">
          <params>
            <param index="0">
              <value>
                <![CDATA[Free OrangeHRM Login Feature]]>
              </value>
            </param>
          </params>
          <reporter-output>
          </reporter-output>
        </test-method> <!-- feature -->
        <test-method status="PASS" signature="tearDownClass()[pri:0, instance:testRunner.TestNGRunner@e63ade]" name="tearDownClass" is-config="true" duration-ms="203" started-at="2021-05-23T13:20:07Z" finished-at="2021-05-23T13:20:07Z">
          <reporter-output>
          </reporter-output>
        </test-method> <!-- tearDownClass -->
      </class> <!-- testRunner.TestNGRunner -->
    </test> <!-- Test -->
  </suite> <!-- Suite -->
</testng-results>
